
> foodbhasha@1.23 test
> npx playwright test


Running 184 tests using 10 workers

  ✓    8 [chromium] › tests/card_view.test.js:12:5 › Indian Ingredient Lexicon Verification › Page Title & Brand (616ms)
  ✓    9 [chromium] › tests/card_view.test.js:47:5 › Indian Ingredient Lexicon Verification › Filter Logic: Spices (New Category) (858ms)
  ✓    1 [chromium] › tests/branding.test.js:49:5 › FoodBhasha Branding › should display logo correctly (1.2s)
  ✓    4 [chromium] › tests/branding.test.js:11:5 › FoodBhasha Branding › should have correct manifest name (1.2s)
  ✓    2 [chromium] › tests/branding.test.js:20:5 › FoodBhasha Branding › should update page title when navigating categories (1.3s)
  ✓    6 [chromium] › tests/branding.test.js:37:5 › FoodBhasha Branding › should have friendly, non-academic tone in UI (1.2s)
  ✓    7 [chromium] › tests/branding.test.js:57:5 › FoodBhasha Branding › should display dual-script language icon (1.3s)
  ✓   13 [chromium] › tests/card_view.test.js:140:5 › Indian Ingredient Lexicon Verification › Sticky Header Structure (389ms)
  ✓   10 [chromium] › tests/card_view.test.js:63:5 › Indian Ingredient Lexicon Verification › Filter Logic: Vegetables & Fruits (Active State) (1.3s)
  ✓   18 [chromium] › tests/config_integrity.test.js:7:5 › Configuration Integrity › Verify package.json build scripts (3ms)
  ✓   19 [chromium] › tests/config_integrity.test.js:30:5 › Configuration Integrity › Verify Android build.gradle integrity (4ms)
  ✓   20 [chromium] › tests/config_integrity.test.js:20:5 › Configuration Integrity › Verify Capacitor configuration (8ms)
  ✓   21 [chromium] › tests/config_integrity.test.js:41:5 › Configuration Integrity › Verify version bump script exists (1ms)
  ✓   23 [chromium] › tests/data_integrity.test.js:22:9 › Data Integrity › Verify Minimum Size for src/data/fish-seafood.json (5ms)
  ✓   24 [chromium] › tests/data_integrity.test.js:34:9 › Data Integrity › Verify Dual Script in src/data/fish-seafood.json (2ms)
  ✓   25 [chromium] › tests/data_integrity.test.js:22:9 › Data Integrity › Verify Minimum Size for src/data/vegetables-fruits.json (2ms)
  ✓   26 [chromium] › tests/data_integrity.test.js:34:9 › Data Integrity › Verify Dual Script in src/data/vegetables-fruits.json (2ms)
  ✓   27 [chromium] › tests/data_integrity.test.js:22:9 › Data Integrity › Verify Minimum Size for src/data/grains-pulses.json (2ms)
  ✓   28 [chromium] › tests/data_integrity.test.js:34:9 › Data Integrity › Verify Dual Script in src/data/grains-pulses.json (3ms)
  ✓   29 [chromium] › tests/data_integrity.test.js:22:9 › Data Integrity › Verify Minimum Size for src/data/spices.json (2ms)
  ✓   30 [chromium] › tests/data_integrity.test.js:34:9 › Data Integrity › Verify Dual Script in src/data/spices.json (3ms)
  ✓    5 [chromium] › tests/card_view.test.js:17:5 › Indian Ingredient Lexicon Verification › Category Navigation & Data Loading (1.8s)
  ✓   16 [chromium] › tests/card_view.test.js:177:5 › Indian Ingredient Lexicon Verification › Search Clear Button Functionality (473ms)
  ✓   11 [chromium] › tests/card_view.test.js:79:5 › Indian Ingredient Lexicon Verification › Multi-Select Filter Logic (OR Logic) (1.2s)
  ✓   12 [chromium] › tests/card_view.test.js:120:5 › Indian Ingredient Lexicon Verification › Badge Whitelisting (970ms)
  ✓    3 [chromium] › tests/branding.test.js:29:5 › FoodBhasha Branding › should update page title when searching (2.1s)
Static Title: Potato
Static Lang Groups: 22
  ✓   33 [chromium] › tests/feedback.test.js:8:5 › Feedback Form › Feedback FAB should be visible (377ms)
  ✓   22 [chromium] › tests/consistency.test.js:12:5 › Static vs SPA Consistency › Verify Potato Card Structure matches between Static vs SPA (648ms)
  ✓   14 [chromium] › tests/card_view.test.js:157:5 › Indian Ingredient Lexicon Verification › Dynamic Placeholders (996ms)
  ✓   17 [chromium] › tests/card_view.test.js:194:5 › Indian Ingredient Lexicon Verification › Mobile View Layout (1.0s)
  ✓   35 [chromium] › tests/feedback.test.js:30:5 › Feedback Form › Modal can be closed (443ms)
  ✓   41 [chromium] › tests/flowers.test.js:16:5 › Flowers Category Verification › flowers.json file exists (4ms)
  ✓   34 [chromium] › tests/feedback.test.js:21:5 › Feedback Form › Clicking FAB opens modal (589ms)
Total flowers found: 41
  ✓   42 [chromium] › tests/flowers.test.js:22:5 › Flowers Category Verification › Contains at least 40 flowers (1ms)
  ✓   36 [chromium] › tests/feedback.test.js:39:5 › Feedback Form › Honeypot field should be hidden (418ms)
  ✓   43 [chromium] › tests/flowers.test.js:27:5 › Flowers Category Verification › Contains key flowers from Batches 1 & 2 (8ms)
  ✓   45 [chromium] › tests/flowers.test.js:50:5 › Flowers Category Verification › Language coverage is sufficient (4ms)
  ✓   38 [chromium] › tests/feedback.test.js:79:5 › Feedback Form › Navigating to /feedback route opens modal (447ms)
  ✓   44 [chromium] › tests/flowers.test.js:40:5 › Flowers Category Verification › All flowers have required fields (95ms)
  ✓   39 [chromium] › tests/feedback.test.js:95:5 › Feedback Form › Footer shows version (397ms)
  ✓   31 [chromium] › tests/deep_link_images.test.js:10:5 › Deep Link Image Loading › Image path is absolute on deep link (1.0s)
  ✓   51 [chromium] › tests/new_items.test.js:7:5 › New Items Verification › Pomelo exists in vegetables-fruits.json (6ms)
  ✓   52 [chromium] › tests/new_items.test.js:17:5 › New Items Verification › Jaggery exists in spices.json and NOT in grains-pulses.json (6ms)
  ✓   53 [chromium] › tests/new_items.test.js:34:5 › New Items Verification › Salt exists in spices.json (4ms)
  ✓   37 [chromium] › tests/feedback.test.js:52:5 › Feedback Form › Form submission flow (mocked) (544ms)
  ✓   15 [chromium] › tests/card_view.test.js:167:5 › Indian Ingredient Lexicon Verification › Search Persistence Across Categories (1.5s)
  ✓   54 [chromium] › tests/new_items.test.js:43:5 › New Items Verification › Sugar exists in spices.json (3ms)
  ✓   32 [chromium] › tests/deep_link_images.test.js:29:5 › Deep Link Image Loading › Image loads successfully (1.0s)
  ✓   46 [chromium] › tests/lazy_load.test.js:10:5 › Lazy Loading & Infinite Scroll › Initial Load Limit (328ms)
  ✓   40 [chromium] › tests/feedback.test.js:104:5 › Feedback Form › Android: Clicking FAB opens System Browser (Simulated) (653ms)
  ✓   55 [chromium] › tests/preload.test.js:5:5 › Performance Optimization › Data Preloading (477ms)
  ✓   48 [chromium] › tests/lazy_load.test.js:25:5 › Lazy Loading & Infinite Scroll › Reset on Filter (620ms)
  ✓   47 [chromium] › tests/lazy_load.test.js:16:5 › Lazy Loading & Infinite Scroll › Loads More on Scroll (960ms)
  ✓   49 [chromium] › tests/lazy_load.test.js:48:5 › Lazy Loading & Infinite Scroll › Reset on Tab Switch (1.1s)
  ✓   57 [chromium] › tests/routing.test.js:19:5 › History API Routing › Category navigation updates URL without hash (1.1s)
  ✓   56 [chromium] › tests/routing.test.js:10:5 › History API Routing › Homepage loads correctly at root URL (1.1s)
  ✓   50 [chromium] › tests/lazy_load.test.js:74:5 › Lazy Loading & Infinite Scroll › Reset on Search (1.4s)
  ✓   58 [chromium] › tests/routing.test.js:35:5 › History API Routing › Direct category URL loads correctly (1.7s)
  ✓   61 [chromium] › tests/routing.test.js:96:5 › History API Routing › Browser forward button works correctly (1.5s)
  ✓   62 [chromium] › tests/routing.test.js:114:5 › History API Routing › Search query persists in URL (1.6s)
  ✓   59 [chromium] › tests/routing.test.js:49:5 › History API Routing › Item-level URL loads and highlights item (2.2s)
  ✓   63 [chromium] › tests/routing.test.js:123:5 › History API Routing › Clearing search updates URL (1.6s)
  ✓   60 [chromium] › tests/routing.test.js:73:5 › History API Routing › Browser back button works correctly (2.2s)
  ✓   65 [chromium] › tests/routing.test.js:148:5 › History API Routing › Invalid category redirects to default (1.5s)
  ✓   64 [chromium] › tests/routing.test.js:134:5 › History API Routing › Deep link with search query works (1.8s)
  ✓   67 [chromium] › tests/search_global.test.js:9:5 › Global Search › Searches across categories (Apple on Fish tab) (1.6s)
  ✓   71 [chromium] › tests/seo.test.js:9:5 › SEO and Meta Tags › Homepage has correct meta tags (994ms)
  ✓   68 [chromium] › tests/search_global.test.js:27:5 › Global Search › Clearing search restores category (1.6s)
  ✓   72 [chromium] › tests/seo.test.js:30:5 › SEO and Meta Tags › Category page updates meta tags dynamically (1.3s)
  ✓   69 [chromium] › tests/search_global.test.js:46:5 › Global Search › Filter intersection: Search respects local filters (1.8s)
  ✓   75 [chromium] › tests/seo.test.js:94:5 › SEO and Meta Tags › Twitter Card meta tags are present (925ms)
  ✓   70 [chromium] › tests/search_global.test.js:69:5 › Global Search › Clicking search input resets filters (1.8s)
  ✓   76 [chromium] › tests/seo.test.js:102:5 › SEO and Meta Tags › Structured data (JSON-LD) is present (1.0s)
  ✓   74 [chromium] › tests/seo.test.js:80:5 › SEO and Meta Tags › Search page updates title (1.5s)
  ✓   77 [chromium] › tests/seo.test.js:112:5 › SEO and Meta Tags › Manifest file is linked (953ms)
  ✓   78 [chromium] › tests/seo.test.js:117:5 › SEO and Meta Tags › Favicon is set (965ms)
  ✓   73 [chromium] › tests/seo.test.js:51:5 › SEO and Meta Tags › Item page updates meta tags with item details (2.0s)
  ✓   79 [chromium] › tests/seo.test.js:123:5 › SEO and Meta Tags › Language attribute is set on HTML (1.0s)
  ✓   81 [chromium] › tests/seo.test.js:128:5 › SEO and Meta Tags › Meta viewport is correctly set for mobile (983ms)
  ✓   82 [chromium] › tests/seo.test.js:153:5 › SEO and Meta Tags › Footer displays correct version (956ms)
  ✓   80 [chromium] › tests/seo.test.js:134:5 › SEO and Meta Tags › SEO fallback content is hidden but present (1.0s)
  ✓   91 [chromium] › tests/structure.test.js:5:5 › SEO & Structural Integrity › 404 Page exists (65ms)
  ✓   92 [chromium] › tests/structure.test.js:12:5 › SEO & Structural Integrity › ads.txt exists and has correct content type (58ms)
  ✓   83 [chromium] › tests/share.test.js:11:5 › Share Functionality › Share button is present on all cards (956ms)
  ✓   84 [chromium] › tests/share.test.js:22:5 › Share Functionality › Share button has correct icon and text (1.0s)
  ✓   85 [chromium] › tests/share.test.js:34:5 › Share Functionality › Clicking share button copies URL to clipboard (1.5s)
  ✓   89 [chromium] › tests/share.test.js:106:5 › Share Functionality › Share button is styled correctly (967ms)
  ✓   90 [chromium] › tests/share.test.js:124:5 › Share Functionality › Share button hover state works (1.0s)
  ✓   93 [Mobile Chrome] › tests/branding.test.js:11:5 › FoodBhasha Branding › should have correct manifest name (971ms)
  ✓   94 [Mobile Chrome] › tests/branding.test.js:20:5 › FoodBhasha Branding › should update page title when navigating categories (1.0s)
  ✓   87 [chromium] › tests/share.test.js:71:5 › Share Functionality › Share button on item page generates correct URL (2.3s)
  ✓   99 [Mobile Chrome] › tests/card_view.test.js:12:5 › Indian Ingredient Lexicon Verification › Page Title & Brand (387ms)
  ✓   96 [Mobile Chrome] › tests/branding.test.js:37:5 › FoodBhasha Branding › should have friendly, non-academic tone in UI (993ms)
  ✓   97 [Mobile Chrome] › tests/branding.test.js:49:5 › FoodBhasha Branding › should display logo correctly (1.0s)
  ✓   98 [Mobile Chrome] › tests/branding.test.js:57:5 › FoodBhasha Branding › should display dual-script language icon (1.0s)
  ✓   95 [Mobile Chrome] › tests/branding.test.js:29:5 › FoodBhasha Branding › should update page title when searching (1.9s)
  ✘   66 [chromium] › tests/routing.test.js:158:5 › History API Routing › Hash URLs redirect to path-based URLs (6.5s)
  ✓  105 [Mobile Chrome] › tests/card_view.test.js:140:5 › Indian Ingredient Lexicon Verification › Sticky Header Structure (391ms)
  ✓  101 [Mobile Chrome] › tests/card_view.test.js:63:5 › Indian Ingredient Lexicon Verification › Filter Logic: Vegetables & Fruits (Active State) (926ms)
  ✓  103 [Mobile Chrome] › tests/card_view.test.js:47:5 › Indian Ingredient Lexicon Verification › Filter Logic: Spices (New Category) (652ms)
  ✓  109 [Mobile Chrome] › tests/config_integrity.test.js:7:5 › Configuration Integrity › Verify package.json build scripts (3ms)
  ✓   86 [chromium] › tests/share.test.js:54:5 › Share Functionality › Share button feedback resets after timeout (3.7s)
  ✓  110 [Mobile Chrome] › tests/config_integrity.test.js:20:5 › Configuration Integrity › Verify Capacitor configuration (3ms)
  ✓  111 [Mobile Chrome] › tests/config_integrity.test.js:41:5 › Configuration Integrity › Verify version bump script exists (1ms)
  ✓  100 [Mobile Chrome] › tests/card_view.test.js:17:5 › Indian Ingredient Lexicon Verification › Category Navigation & Data Loading (1.5s)
  ✓  113 [Mobile Chrome] › tests/data_integrity.test.js:22:9 › Data Integrity › Verify Minimum Size for src/data/fish-seafood.json (3ms)
  ✓  114 [Mobile Chrome] › tests/data_integrity.test.js:34:9 › Data Integrity › Verify Dual Script in src/data/fish-seafood.json (2ms)
  ✓  115 [Mobile Chrome] › tests/data_integrity.test.js:22:9 › Data Integrity › Verify Minimum Size for src/data/vegetables-fruits.json (2ms)
  ✓  107 [Mobile Chrome] › tests/card_view.test.js:177:5 › Indian Ingredient Lexicon Verification › Search Clear Button Functionality (385ms)
  ✓  116 [Mobile Chrome] › tests/data_integrity.test.js:34:9 › Data Integrity › Verify Dual Script in src/data/vegetables-fruits.json (2ms)
  ✓  118 [Mobile Chrome] › tests/data_integrity.test.js:34:9 › Data Integrity › Verify Dual Script in src/data/grains-pulses.json (2ms)
  ✓  119 [Mobile Chrome] › tests/data_integrity.test.js:22:9 › Data Integrity › Verify Minimum Size for src/data/grains-pulses.json (1ms)
  ✓  120 [Mobile Chrome] › tests/data_integrity.test.js:22:9 › Data Integrity › Verify Minimum Size for src/data/spices.json (1ms)
  ✓  121 [Mobile Chrome] › tests/data_integrity.test.js:34:9 › Data Integrity › Verify Dual Script in src/data/spices.json (2ms)
  ✓  104 [Mobile Chrome] › tests/card_view.test.js:120:5 › Indian Ingredient Lexicon Verification › Badge Whitelisting (1.1s)
  ✓  102 [Mobile Chrome] › tests/card_view.test.js:79:5 › Indian Ingredient Lexicon Verification › Multi-Select Filter Logic (OR Logic) (1.2s)
  ✓  106 [Mobile Chrome] › tests/card_view.test.js:157:5 › Indian Ingredient Lexicon Verification › Dynamic Placeholders (948ms)
  ✓  127 [Mobile Chrome] › tests/config_integrity.test.js:30:5 › Configuration Integrity › Verify Android build.gradle integrity (7ms)
Static Title: Potato
Static Lang Groups: 22
  ✓  112 [Mobile Chrome] › tests/consistency.test.js:12:5 › Static vs SPA Consistency › Verify Potato Card Structure matches between Static vs SPA (548ms)
  ✓  108 [Mobile Chrome] › tests/card_view.test.js:194:5 › Indian Ingredient Lexicon Verification › Mobile View Layout (814ms)
  ✓  124 [Mobile Chrome] › tests/feedback.test.js:8:5 › Feedback Form › Feedback FAB should be visible (387ms)
  ✓  125 [Mobile Chrome] › tests/feedback.test.js:21:5 › Feedback Form › Clicking FAB opens modal (493ms)
  ✓  126 [Mobile Chrome] › tests/feedback.test.js:30:5 › Feedback Form › Modal can be closed (467ms)
  ✓  133 [Mobile Chrome] › tests/flowers.test.js:16:5 › Flowers Category Verification › flowers.json file exists (4ms)
Total flowers found: 41
  ✓  134 [Mobile Chrome] › tests/flowers.test.js:22:5 › Flowers Category Verification › Contains at least 40 flowers (1ms)
  ✓  135 [Mobile Chrome] › tests/flowers.test.js:27:5 › Flowers Category Verification › Contains key flowers from Batches 1 & 2 (6ms)
  ✓  130 [Mobile Chrome] › tests/feedback.test.js:79:5 › Feedback Form › Navigating to /feedback route opens modal (448ms)
  ✓  122 [Mobile Chrome] › tests/deep_link_images.test.js:10:5 › Deep Link Image Loading › Image path is absolute on deep link (952ms)
  ✓  129 [Mobile Chrome] › tests/feedback.test.js:52:5 › Feedback Form › Form submission flow (mocked) (528ms)
  ✓  136 [Mobile Chrome] › tests/flowers.test.js:40:5 › Flowers Category Verification › All flowers have required fields (66ms)
  ✓   88 [chromium] › tests/share.test.js:86:5 › Share Functionality › Share buttons work across different categories (4.5s)
  ✓  137 [Mobile Chrome] › tests/flowers.test.js:50:5 › Flowers Category Verification › Language coverage is sufficient (2ms)
  ✓  128 [Mobile Chrome] › tests/feedback.test.js:39:5 › Feedback Form › Honeypot field should be hidden (516ms)
  ✓  142 [Mobile Chrome] › tests/new_items.test.js:7:5 › New Items Verification › Pomelo exists in vegetables-fruits.json (6ms)
  ✓  131 [Mobile Chrome] › tests/feedback.test.js:95:5 › Feedback Form › Footer shows version (382ms)
  ✓  143 [Mobile Chrome] › tests/new_items.test.js:17:5 › New Items Verification › Jaggery exists in spices.json and NOT in grains-pulses.json (9ms)
  ✓  144 [Mobile Chrome] › tests/new_items.test.js:34:5 › New Items Verification › Salt exists in spices.json (3ms)
  ✓  123 [Mobile Chrome] › tests/deep_link_images.test.js:29:5 › Deep Link Image Loading › Image loads successfully (1.0s)
  ✓  145 [Mobile Chrome] › tests/new_items.test.js:43:5 › New Items Verification › Sugar exists in spices.json (4ms)
  ✓  132 [Mobile Chrome] › tests/feedback.test.js:104:5 › Feedback Form › Android: Clicking FAB opens System Browser (Simulated) (518ms)
  ✓  140 [Mobile Chrome] › tests/lazy_load.test.js:10:5 › Lazy Loading & Infinite Scroll › Initial Load Limit (369ms)
  ✓  146 [Mobile Chrome] › tests/preload.test.js:5:5 › Performance Optimization › Data Preloading (455ms)
  ✓  117 [Mobile Chrome] › tests/card_view.test.js:167:5 › Indian Ingredient Lexicon Verification › Search Persistence Across Categories (1.6s)
  ✓  138 [Mobile Chrome] › tests/lazy_load.test.js:25:5 › Lazy Loading & Infinite Scroll › Reset on Filter (847ms)
  ✓  139 [Mobile Chrome] › tests/lazy_load.test.js:16:5 › Lazy Loading & Infinite Scroll › Loads More on Scroll (951ms)
  ✓  147 [Mobile Chrome] › tests/routing.test.js:10:5 › History API Routing › Homepage loads correctly at root URL (1.1s)
  ✓  148 [Mobile Chrome] › tests/routing.test.js:19:5 › History API Routing › Category navigation updates URL without hash (1.1s)
  ✓  141 [Mobile Chrome] › tests/lazy_load.test.js:74:5 › Lazy Loading & Infinite Scroll › Reset on Search (1.3s)
  ✓  149 [Mobile Chrome] › tests/routing.test.js:35:5 › History API Routing › Direct category URL loads correctly (1.6s)
  ✓  152 [Mobile Chrome] › tests/lazy_load.test.js:48:5 › Lazy Loading & Infinite Scroll › Reset on Tab Switch (1.4s)
  ✓  153 [Mobile Chrome] › tests/routing.test.js:96:5 › History API Routing › Browser forward button works correctly (1.6s)
  ✓  154 [Mobile Chrome] › tests/routing.test.js:114:5 › History API Routing › Search query persists in URL (1.5s)
  ✓  155 [Mobile Chrome] › tests/routing.test.js:123:5 › History API Routing › Clearing search updates URL (1.6s)
  ✓  150 [Mobile Chrome] › tests/routing.test.js:49:5 › History API Routing › Item-level URL loads and highlights item (2.2s)
  ✓  151 [Mobile Chrome] › tests/routing.test.js:73:5 › History API Routing › Browser back button works correctly (2.1s)
  ✓  157 [Mobile Chrome] › tests/routing.test.js:148:5 › History API Routing › Invalid category redirects to default (1.5s)
  ✓  156 [Mobile Chrome] › tests/routing.test.js:134:5 › History API Routing › Deep link with search query works (1.7s)
  ✓  163 [Mobile Chrome] › tests/seo.test.js:9:5 › SEO and Meta Tags › Homepage has correct meta tags (971ms)
  ✓  159 [Mobile Chrome] › tests/search_global.test.js:9:5 › Global Search › Searches across categories (Apple on Fish tab) (1.7s)
  ✓  167 [Mobile Chrome] › tests/seo.test.js:94:5 › SEO and Meta Tags › Twitter Card meta tags are present (914ms)
  ✓  160 [Mobile Chrome] › tests/search_global.test.js:27:5 › Global Search › Clearing search restores category (1.8s)
  ✓  164 [Mobile Chrome] › tests/seo.test.js:30:5 › SEO and Meta Tags › Category page updates meta tags dynamically (1.3s)
  ✓  161 [Mobile Chrome] › tests/search_global.test.js:46:5 › Global Search › Filter intersection: Search respects local filters (1.8s)
  ✓  166 [Mobile Chrome] › tests/seo.test.js:80:5 › SEO and Meta Tags › Search page updates title (1.5s)
  ✓  162 [Mobile Chrome] › tests/search_global.test.js:69:5 › Global Search › Clicking search input resets filters (1.8s)
  ✓  168 [Mobile Chrome] › tests/seo.test.js:102:5 › SEO and Meta Tags › Structured data (JSON-LD) is present (962ms)
  ✓  165 [Mobile Chrome] › tests/seo.test.js:51:5 › SEO and Meta Tags › Item page updates meta tags with item details (1.9s)
  ✓  169 [Mobile Chrome] › tests/seo.test.js:112:5 › SEO and Meta Tags › Manifest file is linked (1.1s)
  ✓  170 [Mobile Chrome] › tests/seo.test.js:117:5 › SEO and Meta Tags › Favicon is set (1.0s)
  ✓  171 [Mobile Chrome] › tests/seo.test.js:123:5 › SEO and Meta Tags › Language attribute is set on HTML (1.0s)
  ✓  172 [Mobile Chrome] › tests/seo.test.js:128:5 › SEO and Meta Tags › Meta viewport is correctly set for mobile (972ms)
  ✓  174 [Mobile Chrome] › tests/seo.test.js:153:5 › SEO and Meta Tags › Footer displays correct version (924ms)
  ✓  175 [Mobile Chrome] › tests/share.test.js:11:5 › Share Functionality › Share button is present on all cards (973ms)
  ✓  173 [Mobile Chrome] › tests/seo.test.js:134:5 › SEO and Meta Tags › SEO fallback content is hidden but present (1.0s)
  ✓  184 [Mobile Chrome] › tests/structure.test.js:12:5 › SEO & Structural Integrity › ads.txt exists and has correct content type (52ms)
  ✓  183 [Mobile Chrome] › tests/structure.test.js:5:5 › SEO & Structural Integrity › 404 Page exists (69ms)
  ✓  176 [Mobile Chrome] › tests/share.test.js:22:5 › Share Functionality › Share button has correct icon and text (991ms)
  ✓  181 [Mobile Chrome] › tests/share.test.js:106:5 › Share Functionality › Share button is styled correctly (1.0s)
  ✓  177 [Mobile Chrome] › tests/share.test.js:34:5 › Share Functionality › Clicking share button copies URL to clipboard (1.5s)
  ✓  182 [Mobile Chrome] › tests/share.test.js:124:5 › Share Functionality › Share button hover state works (992ms)
  ✓  179 [Mobile Chrome] › tests/share.test.js:71:5 › Share Functionality › Share button on item page generates correct URL (2.4s)
  ✘  158 [Mobile Chrome] › tests/routing.test.js:158:5 › History API Routing › Hash URLs redirect to path-based URLs (6.5s)
  ✓  178 [Mobile Chrome] › tests/share.test.js:54:5 › Share Functionality › Share button feedback resets after timeout (3.7s)
  ✓  180 [Mobile Chrome] › tests/share.test.js:86:5 › Share Functionality › Share buttons work across different categories (4.5s)


  1) [chromium] › tests/routing.test.js:158:5 › History API Routing › Hash URLs redirect to path-based URLs 

    Error: [2mexpect([22m[31mpage[39m[2m).[22mtoHaveURL[2m([22m[32mexpected[39m[2m)[22m failed

    Expected: [32m"http://localhost:8080/vegetables-fruits"[39m
    Received: [31m"http://localhost:8080/[7m#[27mvegetables-fruits"[39m
    Timeout:  5000ms

    Call log:
    [2m  - Expect "toHaveURL" with timeout 5000ms[22m
    [2m    9 × unexpected value "http://localhost:8080/#vegetables-fruits"[22m


      167 |
      168 |         // Should redirect to clean path-based URL
    > 169 |         await expect(page).toHaveURL('http://localhost:8080/vegetables-fruits');
          |                            ^
      170 |     });
      171 | });
      172 |
        at /home/srix/workspace/foodbhasha/tests/routing.test.js:169:28

    Error Context: test-results/routing-History-API-Routin-f7f1e-redirect-to-path-based-URLs-chromium/error-context.md

  2) [Mobile Chrome] › tests/routing.test.js:158:5 › History API Routing › Hash URLs redirect to path-based URLs 

    Error: [2mexpect([22m[31mpage[39m[2m).[22mtoHaveURL[2m([22m[32mexpected[39m[2m)[22m failed

    Expected: [32m"http://localhost:8080/vegetables-fruits"[39m
    Received: [31m"http://localhost:8080/[7m#[27mvegetables-fruits"[39m
    Timeout:  5000ms

    Call log:
    [2m  - Expect "toHaveURL" with timeout 5000ms[22m
    [2m    9 × unexpected value "http://localhost:8080/#vegetables-fruits"[22m


      167 |
      168 |         // Should redirect to clean path-based URL
    > 169 |         await expect(page).toHaveURL('http://localhost:8080/vegetables-fruits');
          |                            ^
      170 |     });
      171 | });
      172 |
        at /home/srix/workspace/foodbhasha/tests/routing.test.js:169:28

    Error Context: test-results/routing-History-API-Routin-f7f1e-redirect-to-path-based-URLs-Mobile-Chrome/error-context.md

  2 failed
    [chromium] › tests/routing.test.js:158:5 › History API Routing › Hash URLs redirect to path-based URLs 
    [Mobile Chrome] › tests/routing.test.js:158:5 › History API Routing › Hash URLs redirect to path-based URLs 
  182 passed (22.6s)
