
> foodbhasha@1.23 test
> npx playwright test


Running 184 tests using 10 workers

  ✓    8 [chromium] › tests/card_view.test.js:12:5 › Indian Ingredient Lexicon Verification › Page Title & Brand (761ms)
  ✓    1 [chromium] › tests/branding.test.js:11:5 › FoodBhasha Branding › should have correct manifest name (1.3s)
  ✓    2 [chromium] › tests/branding.test.js:57:5 › FoodBhasha Branding › should display dual-script language icon (1.3s)
  ✓    9 [chromium] › tests/card_view.test.js:47:5 › Indian Ingredient Lexicon Verification › Filter Logic: Spices (New Category) (1.1s)
  ✓    3 [chromium] › tests/branding.test.js:37:5 › FoodBhasha Branding › should have friendly, non-academic tone in UI (1.6s)
  ✓    7 [chromium] › tests/branding.test.js:49:5 › FoodBhasha Branding › should display logo correctly (1.5s)
  ✓    5 [chromium] › tests/card_view.test.js:17:5 › Indian Ingredient Lexicon Verification › Category Navigation & Data Loading (1.6s)
  ✓    6 [chromium] › tests/branding.test.js:20:5 › FoodBhasha Branding › should update page title when navigating categories (1.6s)
  ✓   18 [chromium] › tests/config_integrity.test.js:7:5 › Configuration Integrity › Verify package.json build scripts (5ms)
  ✓   10 [chromium] › tests/card_view.test.js:63:5 › Indian Ingredient Lexicon Verification › Filter Logic: Vegetables & Fruits (Active State) (1.4s)
  ✓   19 [chromium] › tests/config_integrity.test.js:20:5 › Configuration Integrity › Verify Capacitor configuration (3ms)
  ✓   21 [chromium] › tests/config_integrity.test.js:41:5 › Configuration Integrity › Verify version bump script exists (4ms)
  ✓   20 [chromium] › tests/config_integrity.test.js:30:5 › Configuration Integrity › Verify Android build.gradle integrity (12ms)
  ✓   23 [chromium] › tests/data_integrity.test.js:22:9 › Data Integrity › Verify Minimum Size for src/data/fish-seafood.json (4ms)
  ✓   24 [chromium] › tests/data_integrity.test.js:34:9 › Data Integrity › Verify Dual Script in src/data/fish-seafood.json (2ms)
  ✓   25 [chromium] › tests/data_integrity.test.js:22:9 › Data Integrity › Verify Minimum Size for src/data/vegetables-fruits.json (2ms)
  ✓   26 [chromium] › tests/data_integrity.test.js:34:9 › Data Integrity › Verify Dual Script in src/data/vegetables-fruits.json (2ms)
  ✓   27 [chromium] › tests/data_integrity.test.js:22:9 › Data Integrity › Verify Minimum Size for src/data/grains-pulses.json (1ms)
  ✓   28 [chromium] › tests/data_integrity.test.js:34:9 › Data Integrity › Verify Dual Script in src/data/grains-pulses.json (2ms)
  ✓   29 [chromium] › tests/data_integrity.test.js:22:9 › Data Integrity › Verify Minimum Size for src/data/spices.json (1ms)
  ✓   30 [chromium] › tests/data_integrity.test.js:34:9 › Data Integrity › Verify Dual Script in src/data/spices.json (3ms)
  ✓   13 [chromium] › tests/card_view.test.js:140:5 › Indian Ingredient Lexicon Verification › Sticky Header Structure (680ms)
  ✓   16 [chromium] › tests/card_view.test.js:177:5 › Indian Ingredient Lexicon Verification › Search Clear Button Functionality (553ms)
Static Title: Potato
Static Lang Groups: 22
  ✓   22 [chromium] › tests/consistency.test.js:12:5 › Static vs SPA Consistency › Verify Potato Card Structure matches between Static vs SPA (590ms)
  ✓   11 [chromium] › tests/card_view.test.js:79:5 › Indian Ingredient Lexicon Verification › Multi-Select Filter Logic (OR Logic) (1.5s)
  ✓    4 [chromium] › tests/branding.test.js:29:5 › FoodBhasha Branding › should update page title when searching (2.5s)
  ✓   14 [chromium] › tests/card_view.test.js:157:5 › Indian Ingredient Lexicon Verification › Dynamic Placeholders (1.2s)
  ✓   33 [chromium] › tests/feedback.test.js:8:5 › Feedback Form › Feedback FAB should be visible (376ms)
  ✓   17 [chromium] › tests/card_view.test.js:194:5 › Indian Ingredient Lexicon Verification › Mobile View Layout (998ms)
  ✓   12 [chromium] › tests/card_view.test.js:120:5 › Indian Ingredient Lexicon Verification › Badge Whitelisting (1.4s)
  ✓   34 [chromium] › tests/feedback.test.js:21:5 › Feedback Form › Clicking FAB opens modal (509ms)
  ✓   35 [chromium] › tests/feedback.test.js:30:5 › Feedback Form › Modal can be closed (448ms)
  ✓   31 [chromium] › tests/deep_link_images.test.js:10:5 › Deep Link Image Loading › Image path is absolute on deep link (1.1s)
  ✓   41 [chromium] › tests/flowers.test.js:16:5 › Flowers Category Verification › flowers.json file exists (3ms)
Total flowers found: 41
  ✓   42 [chromium] › tests/flowers.test.js:22:5 › Flowers Category Verification › Contains at least 40 flowers (1ms)
  ✓   36 [chromium] › tests/feedback.test.js:39:5 › Feedback Form › Honeypot field should be hidden (376ms)
  ✓   43 [chromium] › tests/flowers.test.js:27:5 › Flowers Category Verification › Contains key flowers from Batches 1 & 2 (7ms)
  ✓   45 [chromium] › tests/flowers.test.js:50:5 › Flowers Category Verification › Language coverage is sufficient (2ms)
  ✓   32 [chromium] › tests/deep_link_images.test.js:29:5 › Deep Link Image Loading › Image loads successfully (962ms)
  ✓   44 [chromium] › tests/flowers.test.js:40:5 › Flowers Category Verification › All flowers have required fields (98ms)
  ✓   39 [chromium] › tests/feedback.test.js:95:5 › Feedback Form › Footer shows version (365ms)
  ✓   51 [chromium] › tests/new_items.test.js:7:5 › New Items Verification › Pomelo exists in vegetables-fruits.json (5ms)
  ✓   52 [chromium] › tests/new_items.test.js:17:5 › New Items Verification › Jaggery exists in spices.json and NOT in grains-pulses.json (4ms)
  ✓   53 [chromium] › tests/new_items.test.js:34:5 › New Items Verification › Salt exists in spices.json (2ms)
  ✓   54 [chromium] › tests/new_items.test.js:43:5 › New Items Verification › Sugar exists in spices.json (4ms)
  ✓   38 [chromium] › tests/feedback.test.js:79:5 › Feedback Form › Navigating to /feedback route opens modal (491ms)
  ✓   40 [chromium] › tests/feedback.test.js:104:5 › Feedback Form › Android: Clicking FAB opens System Browser (Simulated) (473ms)
  ✓   37 [chromium] › tests/feedback.test.js:52:5 › Feedback Form › Form submission flow (mocked) (630ms)
  ✓   46 [chromium] › tests/lazy_load.test.js:10:5 › Lazy Loading & Infinite Scroll › Initial Load Limit (394ms)
  ✓   15 [chromium] › tests/card_view.test.js:167:5 › Indian Ingredient Lexicon Verification › Search Persistence Across Categories (1.7s)
  ✓   48 [chromium] › tests/lazy_load.test.js:25:5 › Lazy Loading & Infinite Scroll › Reset on Filter (513ms)
  ✓   55 [chromium] › tests/preload.test.js:5:5 › Performance Optimization › Data Preloading (531ms)
  ✓   47 [chromium] › tests/lazy_load.test.js:16:5 › Lazy Loading & Infinite Scroll › Loads More on Scroll (887ms)
  ✓   49 [chromium] › tests/lazy_load.test.js:48:5 › Lazy Loading & Infinite Scroll › Reset on Tab Switch (1.1s)
  ✓   56 [chromium] › tests/routing.test.js:10:5 › History API Routing › Homepage loads correctly at root URL (1.1s)
  ✓   57 [chromium] › tests/routing.test.js:19:5 › History API Routing › Category navigation updates URL without hash (1.2s)
  -   66 [chromium] › tests/routing.test.js:157:10 › History API Routing › Hash URLs redirect to path-based URLs
  ✓   50 [chromium] › tests/lazy_load.test.js:74:5 › Lazy Loading & Infinite Scroll › Reset on Search (1.4s)
  ✓   58 [chromium] › tests/routing.test.js:35:5 › History API Routing › Direct category URL loads correctly (1.8s)
  ✓   61 [chromium] › tests/routing.test.js:96:5 › History API Routing › Browser forward button works correctly (1.5s)
  ✓   62 [chromium] › tests/routing.test.js:114:5 › History API Routing › Search query persists in URL (1.6s)
  ✓   63 [chromium] › tests/routing.test.js:123:5 › History API Routing › Clearing search updates URL (1.5s)
  ✓   59 [chromium] › tests/routing.test.js:49:5 › History API Routing › Item-level URL loads and highlights item (2.2s)
  ✓   60 [chromium] › tests/routing.test.js:73:5 › History API Routing › Browser back button works correctly (2.2s)
  ✓   64 [chromium] › tests/routing.test.js:134:5 › History API Routing › Deep link with search query works (1.6s)
  ✓   65 [chromium] › tests/routing.test.js:148:5 › History API Routing › Invalid category redirects to default (1.6s)
  ✓   67 [chromium] › tests/search_global.test.js:9:5 › Global Search › Searches across categories (Apple on Fish tab) (1.6s)
  ✓   71 [chromium] › tests/seo.test.js:9:5 › SEO and Meta Tags › Homepage has correct meta tags (922ms)
  ✓   68 [chromium] › tests/search_global.test.js:27:5 › Global Search › Clearing search restores category (2.0s)
  ✓   75 [chromium] › tests/seo.test.js:94:5 › SEO and Meta Tags › Twitter Card meta tags are present (885ms)
  ✓   72 [chromium] › tests/seo.test.js:30:5 › SEO and Meta Tags › Category page updates meta tags dynamically (1.3s)
  ✓   70 [chromium] › tests/search_global.test.js:69:5 › Global Search › Clicking search input resets filters (1.7s)
  ✓   69 [chromium] › tests/search_global.test.js:46:5 › Global Search › Filter intersection: Search respects local filters (1.7s)
  ✓   76 [chromium] › tests/seo.test.js:102:5 › SEO and Meta Tags › Structured data (JSON-LD) is present (981ms)
  ✓   77 [chromium] › tests/seo.test.js:112:5 › SEO and Meta Tags › Manifest file is linked (905ms)
  ✓   74 [chromium] › tests/seo.test.js:80:5 › SEO and Meta Tags › Search page updates title (1.4s)
  ✓   78 [chromium] › tests/seo.test.js:117:5 › SEO and Meta Tags › Favicon is set (868ms)
  ✓   79 [chromium] › tests/seo.test.js:123:5 › SEO and Meta Tags › Language attribute is set on HTML (902ms)
  ✓   73 [chromium] › tests/seo.test.js:51:5 › SEO and Meta Tags › Item page updates meta tags with item details (1.8s)
  ✓   80 [chromium] › tests/seo.test.js:128:5 › SEO and Meta Tags › Meta viewport is correctly set for mobile (890ms)
  ✓   81 [chromium] › tests/seo.test.js:134:5 › SEO and Meta Tags › SEO fallback content is hidden but present (1.0s)
  ✓   82 [chromium] › tests/seo.test.js:153:5 › SEO and Meta Tags › Footer displays correct version (979ms)
  ✓   83 [chromium] › tests/share.test.js:11:5 › Share Functionality › Share button is present on all cards (995ms)
  ✓   84 [chromium] › tests/share.test.js:22:5 › Share Functionality › Share button has correct icon and text (941ms)
  ✓   92 [chromium] › tests/structure.test.js:12:5 › SEO & Structural Integrity › ads.txt exists and has correct content type (70ms)
  ✓   91 [chromium] › tests/structure.test.js:5:5 › SEO & Structural Integrity › 404 Page exists (93ms)
  ✓   89 [chromium] › tests/share.test.js:106:5 › Share Functionality › Share button is styled correctly (919ms)
  ✓   85 [chromium] › tests/share.test.js:34:5 › Share Functionality › Clicking share button copies URL to clipboard (1.5s)
  ✓   90 [chromium] › tests/share.test.js:124:5 › Share Functionality › Share button hover state works (1.0s)
  ✓   93 [Mobile Chrome] › tests/branding.test.js:11:5 › FoodBhasha Branding › should have correct manifest name (983ms)
  ✓   87 [chromium] › tests/share.test.js:71:5 › Share Functionality › Share button on item page generates correct URL (2.3s)
  ✓   94 [Mobile Chrome] › tests/branding.test.js:20:5 › FoodBhasha Branding › should update page title when navigating categories (1.1s)
  ✓   95 [Mobile Chrome] › tests/branding.test.js:37:5 › FoodBhasha Branding › should have friendly, non-academic tone in UI (1.0s)
  ✓   99 [Mobile Chrome] › tests/card_view.test.js:12:5 › Indian Ingredient Lexicon Verification › Page Title & Brand (417ms)
  ✓   97 [Mobile Chrome] › tests/branding.test.js:57:5 › FoodBhasha Branding › should display dual-script language icon (959ms)
  ✓   98 [Mobile Chrome] › tests/branding.test.js:49:5 › FoodBhasha Branding › should display logo correctly (965ms)
  ✓   96 [Mobile Chrome] › tests/branding.test.js:29:5 › FoodBhasha Branding › should update page title when searching (1.9s)
  ✓  105 [Mobile Chrome] › tests/card_view.test.js:140:5 › Indian Ingredient Lexicon Verification › Sticky Header Structure (315ms)
  ✓  101 [Mobile Chrome] › tests/card_view.test.js:63:5 › Indian Ingredient Lexicon Verification › Filter Logic: Vegetables & Fruits (Active State) (964ms)
  ✓  104 [Mobile Chrome] › tests/card_view.test.js:47:5 › Indian Ingredient Lexicon Verification › Filter Logic: Spices (New Category) (679ms)
  ✓   86 [chromium] › tests/share.test.js:54:5 › Share Functionality › Share button feedback resets after timeout (3.6s)
  ✓  110 [Mobile Chrome] › tests/config_integrity.test.js:7:5 › Configuration Integrity › Verify package.json build scripts (6ms)
  ✓  103 [Mobile Chrome] › tests/card_view.test.js:120:5 › Indian Ingredient Lexicon Verification › Badge Whitelisting (1.1s)
  ✓  112 [Mobile Chrome] › tests/config_integrity.test.js:41:5 › Configuration Integrity › Verify version bump script exists (1ms)
  ✓  111 [Mobile Chrome] › tests/config_integrity.test.js:30:5 › Configuration Integrity › Verify Android build.gradle integrity (6ms)
  ✓  102 [Mobile Chrome] › tests/card_view.test.js:79:5 › Indian Ingredient Lexicon Verification › Multi-Select Filter Logic (OR Logic) (1.2s)
  ✓  114 [Mobile Chrome] › tests/data_integrity.test.js:22:9 › Data Integrity › Verify Minimum Size for src/data/fish-seafood.json (3ms)
  ✓  115 [Mobile Chrome] › tests/data_integrity.test.js:34:9 › Data Integrity › Verify Dual Script in src/data/fish-seafood.json (2ms)
  ✓  117 [Mobile Chrome] › tests/data_integrity.test.js:34:9 › Data Integrity › Verify Dual Script in src/data/vegetables-fruits.json (2ms)
  ✓  116 [Mobile Chrome] › tests/data_integrity.test.js:22:9 › Data Integrity › Verify Minimum Size for src/data/vegetables-fruits.json (2ms)
  ✓  119 [Mobile Chrome] › tests/data_integrity.test.js:34:9 › Data Integrity › Verify Dual Script in src/data/grains-pulses.json (2ms)
  ✓  118 [Mobile Chrome] › tests/data_integrity.test.js:22:9 › Data Integrity › Verify Minimum Size for src/data/grains-pulses.json (1ms)
  ✓  120 [Mobile Chrome] › tests/data_integrity.test.js:22:9 › Data Integrity › Verify Minimum Size for src/data/spices.json (1ms)
  ✓  121 [Mobile Chrome] › tests/data_integrity.test.js:34:9 › Data Integrity › Verify Dual Script in src/data/spices.json (1ms)
  ✓  108 [Mobile Chrome] › tests/card_view.test.js:177:5 › Indian Ingredient Lexicon Verification › Search Clear Button Functionality (416ms)
  ✓  100 [Mobile Chrome] › tests/card_view.test.js:17:5 › Indian Ingredient Lexicon Verification › Category Navigation & Data Loading (1.5s)
  ✓  106 [Mobile Chrome] › tests/card_view.test.js:157:5 › Indian Ingredient Lexicon Verification › Dynamic Placeholders (878ms)
  ✓  124 [Mobile Chrome] › tests/feedback.test.js:8:5 › Feedback Form › Feedback FAB should be visible (340ms)
  ✓  128 [Mobile Chrome] › tests/config_integrity.test.js:20:5 › Configuration Integrity › Verify Capacitor configuration (6ms)
Static Title: Potato
Static Lang Groups: 22
  ✓  113 [Mobile Chrome] › tests/consistency.test.js:12:5 › Static vs SPA Consistency › Verify Potato Card Structure matches between Static vs SPA (522ms)
  ✓  109 [Mobile Chrome] › tests/card_view.test.js:194:5 › Indian Ingredient Lexicon Verification › Mobile View Layout (885ms)
  ✓  126 [Mobile Chrome] › tests/feedback.test.js:30:5 › Feedback Form › Modal can be closed (432ms)
  ✓  125 [Mobile Chrome] › tests/feedback.test.js:21:5 › Feedback Form › Clicking FAB opens modal (530ms)
  ✓  133 [Mobile Chrome] › tests/flowers.test.js:16:5 › Flowers Category Verification › flowers.json file exists (1ms)
Total flowers found: 41
  ✓  134 [Mobile Chrome] › tests/flowers.test.js:22:5 › Flowers Category Verification › Contains at least 40 flowers (1ms)
  ✓  135 [Mobile Chrome] › tests/flowers.test.js:27:5 › Flowers Category Verification › Contains key flowers from Batches 1 & 2 (4ms)
  ✓  127 [Mobile Chrome] › tests/feedback.test.js:39:5 › Feedback Form › Honeypot field should be hidden (354ms)
  ✓  136 [Mobile Chrome] › tests/flowers.test.js:40:5 › Flowers Category Verification › All flowers have required fields (53ms)
  ✓  137 [Mobile Chrome] › tests/flowers.test.js:50:5 › Flowers Category Verification › Language coverage is sufficient (1ms)
  ✓  130 [Mobile Chrome] › tests/feedback.test.js:79:5 › Feedback Form › Navigating to /feedback route opens modal (380ms)
  ✓  131 [Mobile Chrome] › tests/feedback.test.js:95:5 › Feedback Form › Footer shows version (298ms)
  ✓  122 [Mobile Chrome] › tests/deep_link_images.test.js:10:5 › Deep Link Image Loading › Image path is absolute on deep link (926ms)
  ✓  123 [Mobile Chrome] › tests/deep_link_images.test.js:29:5 › Deep Link Image Loading › Image loads successfully (934ms)
  ✓  143 [Mobile Chrome] › tests/new_items.test.js:7:5 › New Items Verification › Pomelo exists in vegetables-fruits.json (3ms)
  ✓  144 [Mobile Chrome] › tests/new_items.test.js:17:5 › New Items Verification › Jaggery exists in spices.json and NOT in grains-pulses.json (3ms)
  ✓  145 [Mobile Chrome] › tests/new_items.test.js:34:5 › New Items Verification › Salt exists in spices.json (2ms)
  ✓  146 [Mobile Chrome] › tests/new_items.test.js:43:5 › New Items Verification › Sugar exists in spices.json (3ms)
  ✓  132 [Mobile Chrome] › tests/feedback.test.js:104:5 › Feedback Form › Android: Clicking FAB opens System Browser (Simulated) (434ms)
  ✓   88 [chromium] › tests/share.test.js:86:5 › Share Functionality › Share buttons work across different categories (4.5s)
  ✓  129 [Mobile Chrome] › tests/feedback.test.js:52:5 › Feedback Form › Form submission flow (mocked) (557ms)
  ✓  138 [Mobile Chrome] › tests/lazy_load.test.js:10:5 › Lazy Loading & Infinite Scroll › Initial Load Limit (350ms)
  ✓  107 [Mobile Chrome] › tests/card_view.test.js:167:5 › Indian Ingredient Lexicon Verification › Search Persistence Across Categories (1.6s)
  ✓  147 [Mobile Chrome] › tests/preload.test.js:5:5 › Performance Optimization › Data Preloading (459ms)
  ✓  139 [Mobile Chrome] › tests/lazy_load.test.js:16:5 › Lazy Loading & Infinite Scroll › Loads More on Scroll (824ms)
  ✓  140 [Mobile Chrome] › tests/lazy_load.test.js:25:5 › Lazy Loading & Infinite Scroll › Reset on Filter (714ms)
  ✓  148 [Mobile Chrome] › tests/routing.test.js:10:5 › History API Routing › Homepage loads correctly at root URL (977ms)
  ✓  141 [Mobile Chrome] › tests/lazy_load.test.js:48:5 › Lazy Loading & Infinite Scroll › Reset on Tab Switch (1.3s)
  ✓  142 [Mobile Chrome] › tests/lazy_load.test.js:74:5 › Lazy Loading & Infinite Scroll › Reset on Search (1.3s)
  -  158 [Mobile Chrome] › tests/routing.test.js:157:10 › History API Routing › Hash URLs redirect to path-based URLs
  ✓  149 [Mobile Chrome] › tests/routing.test.js:35:5 › History API Routing › Direct category URL loads correctly (1.6s)
  ✓  155 [Mobile Chrome] › tests/routing.test.js:19:5 › History API Routing › Category navigation updates URL without hash (1.0s)
  ✓  152 [Mobile Chrome] › tests/routing.test.js:96:5 › History API Routing › Browser forward button works correctly (1.5s)
  ✓  153 [Mobile Chrome] › tests/routing.test.js:114:5 › History API Routing › Search query persists in URL (1.5s)
  ✓  154 [Mobile Chrome] › tests/routing.test.js:123:5 › History API Routing › Clearing search updates URL (1.6s)
  ✓  150 [Mobile Chrome] › tests/routing.test.js:49:5 › History API Routing › Item-level URL loads and highlights item (2.1s)
  ✓  151 [Mobile Chrome] › tests/routing.test.js:73:5 › History API Routing › Browser back button works correctly (2.2s)
  ✓  157 [Mobile Chrome] › tests/routing.test.js:148:5 › History API Routing › Invalid category redirects to default (1.5s)
  ✓  156 [Mobile Chrome] › tests/routing.test.js:134:5 › History API Routing › Deep link with search query works (1.7s)
  ✓  163 [Mobile Chrome] › tests/seo.test.js:9:5 › SEO and Meta Tags › Homepage has correct meta tags (971ms)
  ✓  159 [Mobile Chrome] › tests/search_global.test.js:9:5 › Global Search › Searches across categories (Apple on Fish tab) (1.9s)
  ✓  164 [Mobile Chrome] › tests/seo.test.js:30:5 › SEO and Meta Tags › Category page updates meta tags dynamically (1.3s)
  ✓  161 [Mobile Chrome] › tests/search_global.test.js:46:5 › Global Search › Filter intersection: Search respects local filters (1.7s)
  ✓  167 [Mobile Chrome] › tests/seo.test.js:94:5 › SEO and Meta Tags › Twitter Card meta tags are present (902ms)
  ✓  168 [Mobile Chrome] › tests/seo.test.js:102:5 › SEO and Meta Tags › Structured data (JSON-LD) is present (936ms)
  ✓  160 [Mobile Chrome] › tests/search_global.test.js:27:5 › Global Search › Clearing search restores category (2.0s)
  ✓  162 [Mobile Chrome] › tests/search_global.test.js:69:5 › Global Search › Clicking search input resets filters (1.8s)
  ✓  166 [Mobile Chrome] › tests/seo.test.js:80:5 › SEO and Meta Tags › Search page updates title (1.4s)
  ✓  165 [Mobile Chrome] › tests/seo.test.js:51:5 › SEO and Meta Tags › Item page updates meta tags with item details (1.8s)
  ✓  169 [Mobile Chrome] › tests/seo.test.js:112:5 › SEO and Meta Tags › Manifest file is linked (919ms)
  ✓  170 [Mobile Chrome] › tests/seo.test.js:117:5 › SEO and Meta Tags › Favicon is set (952ms)
  ✓  171 [Mobile Chrome] › tests/seo.test.js:123:5 › SEO and Meta Tags › Language attribute is set on HTML (928ms)
  ✓  172 [Mobile Chrome] › tests/seo.test.js:128:5 › SEO and Meta Tags › Meta viewport is correctly set for mobile (952ms)
  ✓  174 [Mobile Chrome] › tests/seo.test.js:153:5 › SEO and Meta Tags › Footer displays correct version (931ms)
  ✓  173 [Mobile Chrome] › tests/seo.test.js:134:5 › SEO and Meta Tags › SEO fallback content is hidden but present (1.0s)
  ✓  175 [Mobile Chrome] › tests/share.test.js:11:5 › Share Functionality › Share button is present on all cards (973ms)
  ✓  184 [Mobile Chrome] › tests/structure.test.js:12:5 › SEO & Structural Integrity › ads.txt exists and has correct content type (44ms)
  ✓  176 [Mobile Chrome] › tests/share.test.js:22:5 › Share Functionality › Share button has correct icon and text (970ms)
  ✓  183 [Mobile Chrome] › tests/structure.test.js:5:5 › SEO & Structural Integrity › 404 Page exists (83ms)
  ✓  181 [Mobile Chrome] › tests/share.test.js:106:5 › Share Functionality › Share button is styled correctly (907ms)
  ✓  182 [Mobile Chrome] › tests/share.test.js:124:5 › Share Functionality › Share button hover state works (967ms)
  ✓  177 [Mobile Chrome] › tests/share.test.js:34:5 › Share Functionality › Clicking share button copies URL to clipboard (1.6s)
  ✓  179 [Mobile Chrome] › tests/share.test.js:71:5 › Share Functionality › Share button on item page generates correct URL (2.3s)
  ✓  178 [Mobile Chrome] › tests/share.test.js:54:5 › Share Functionality › Share button feedback resets after timeout (3.5s)
  ✓  180 [Mobile Chrome] › tests/share.test.js:86:5 › Share Functionality › Share buttons work across different categories (4.4s)

  2 skipped
  182 passed (21.5s)
